C:\LEV\DATAMININGVIZPROJECT\OF\LIBS\OPENFRAMEWORKSCOMPILED\LIB\VS2010\OPENFRAMEWORKSLIBDEBUG.LIB
C:\lev\DataMiningVizProject\OF\libs\openFrameworksCompiled\project\vs2010\..\..\lib\vs2010\openframeworksLibDebug.lib
C:\lev\DataMiningVizProject\OF\libs\openFrameworksCompiled\project\vs2010\obj\Debug\cl.command.1.tlog
C:\lev\DataMiningVizProject\OF\libs\openFrameworksCompiled\project\vs2010\obj\Debug\CL.read.1.tlog
C:\lev\DataMiningVizProject\OF\libs\openFrameworksCompiled\project\vs2010\obj\Debug\CL.write.1.tlog
C:\lev\DataMiningVizProject\OF\libs\openFrameworksCompiled\project\vs2010\obj\Debug\lib.command.1.tlog
C:\lev\DataMiningVizProject\OF\libs\openFrameworksCompiled\project\vs2010\obj\Debug\Lib-link.read.1.tlog
C:\lev\DataMiningVizProject\OF\libs\openFrameworksCompiled\project\vs2010\obj\Debug\Lib-link.write.1.tlog
C:\LEV\DATAMININGVIZPROJECT\OF\LIBS\OPENFRAMEWORKSCOMPILED\PROJECT\VS2010\OBJ\DEBUG\OF3DUTILS.OBJ
C:\LEV\DATAMININGVIZPROJECT\OF\LIBS\OPENFRAMEWORKSCOMPILED\PROJECT\VS2010\OBJ\DEBUG\OFAPPGLUTWINDOW.OBJ
C:\LEV\DATAMININGVIZPROJECT\OF\LIBS\OPENFRAMEWORKSCOMPILED\PROJECT\VS2010\OBJ\DEBUG\OFAPPRUNNER.OBJ
C:\LEV\DATAMININGVIZPROJECT\OF\LIBS\OPENFRAMEWORKSCOMPILED\PROJECT\VS2010\OBJ\DEBUG\OFARDUINO.OBJ
C:\LEV\DATAMININGVIZPROJECT\OF\LIBS\OPENFRAMEWORKSCOMPILED\PROJECT\VS2010\OBJ\DEBUG\OFBASESOUNDPLAYER.OBJ
C:\LEV\DATAMININGVIZPROJECT\OF\LIBS\OPENFRAMEWORKSCOMPILED\PROJECT\VS2010\OBJ\DEBUG\OFBASESOUNDSTREAM.OBJ
C:\LEV\DATAMININGVIZPROJECT\OF\LIBS\OPENFRAMEWORKSCOMPILED\PROJECT\VS2010\OBJ\DEBUG\OFBASETYPES.OBJ
C:\LEV\DATAMININGVIZPROJECT\OF\LIBS\OPENFRAMEWORKSCOMPILED\PROJECT\VS2010\OBJ\DEBUG\OFBITMAPFONT.OBJ
C:\LEV\DATAMININGVIZPROJECT\OF\LIBS\OPENFRAMEWORKSCOMPILED\PROJECT\VS2010\OBJ\DEBUG\OFCAIRORENDERER.OBJ
C:\LEV\DATAMININGVIZPROJECT\OF\LIBS\OPENFRAMEWORKSCOMPILED\PROJECT\VS2010\OBJ\DEBUG\OFCAMERA.OBJ
C:\LEV\DATAMININGVIZPROJECT\OF\LIBS\OPENFRAMEWORKSCOMPILED\PROJECT\VS2010\OBJ\DEBUG\OFCOLOR.OBJ
C:\LEV\DATAMININGVIZPROJECT\OF\LIBS\OPENFRAMEWORKSCOMPILED\PROJECT\VS2010\OBJ\DEBUG\OFDIRECTSHOWGRABBER.OBJ
C:\LEV\DATAMININGVIZPROJECT\OF\LIBS\OPENFRAMEWORKSCOMPILED\PROJECT\VS2010\OBJ\DEBUG\OFEASYCAM.OBJ
C:\LEV\DATAMININGVIZPROJECT\OF\LIBS\OPENFRAMEWORKSCOMPILED\PROJECT\VS2010\OBJ\DEBUG\OFEVENTS.OBJ
C:\LEV\DATAMININGVIZPROJECT\OF\LIBS\OPENFRAMEWORKSCOMPILED\PROJECT\VS2010\OBJ\DEBUG\OFFBO.OBJ
C:\LEV\DATAMININGVIZPROJECT\OF\LIBS\OPENFRAMEWORKSCOMPILED\PROJECT\VS2010\OBJ\DEBUG\OFFILEUTILS.OBJ
C:\LEV\DATAMININGVIZPROJECT\OF\LIBS\OPENFRAMEWORKSCOMPILED\PROJECT\VS2010\OBJ\DEBUG\OFFMODSOUNDPLAYER.OBJ
C:\LEV\DATAMININGVIZPROJECT\OF\LIBS\OPENFRAMEWORKSCOMPILED\PROJECT\VS2010\OBJ\DEBUG\OFGLRENDERER.OBJ
C:\LEV\DATAMININGVIZPROJECT\OF\LIBS\OPENFRAMEWORKSCOMPILED\PROJECT\VS2010\OBJ\DEBUG\OFGRAPHICS.OBJ
C:\LEV\DATAMININGVIZPROJECT\OF\LIBS\OPENFRAMEWORKSCOMPILED\PROJECT\VS2010\OBJ\DEBUG\OFIMAGE.OBJ
C:\LEV\DATAMININGVIZPROJECT\OF\LIBS\OPENFRAMEWORKSCOMPILED\PROJECT\VS2010\OBJ\DEBUG\OFLIGHT.OBJ
C:\LEV\DATAMININGVIZPROJECT\OF\LIBS\OPENFRAMEWORKSCOMPILED\PROJECT\VS2010\OBJ\DEBUG\OFLOG.OBJ
C:\LEV\DATAMININGVIZPROJECT\OF\LIBS\OPENFRAMEWORKSCOMPILED\PROJECT\VS2010\OBJ\DEBUG\OFMATERIAL.OBJ
C:\LEV\DATAMININGVIZPROJECT\OF\LIBS\OPENFRAMEWORKSCOMPILED\PROJECT\VS2010\OBJ\DEBUG\OFMATH.OBJ
C:\LEV\DATAMININGVIZPROJECT\OF\LIBS\OPENFRAMEWORKSCOMPILED\PROJECT\VS2010\OBJ\DEBUG\OFMATRIX3X3.OBJ
C:\LEV\DATAMININGVIZPROJECT\OF\LIBS\OPENFRAMEWORKSCOMPILED\PROJECT\VS2010\OBJ\DEBUG\OFMATRIX4X4.OBJ
C:\LEV\DATAMININGVIZPROJECT\OF\LIBS\OPENFRAMEWORKSCOMPILED\PROJECT\VS2010\OBJ\DEBUG\OFMESH.OBJ
C:\LEV\DATAMININGVIZPROJECT\OF\LIBS\OPENFRAMEWORKSCOMPILED\PROJECT\VS2010\OBJ\DEBUG\OFNODE.OBJ
C:\LEV\DATAMININGVIZPROJECT\OF\LIBS\OPENFRAMEWORKSCOMPILED\PROJECT\VS2010\OBJ\DEBUG\OFPATH.OBJ
C:\LEV\DATAMININGVIZPROJECT\OF\LIBS\OPENFRAMEWORKSCOMPILED\PROJECT\VS2010\OBJ\DEBUG\OFPIXELS.OBJ
C:\LEV\DATAMININGVIZPROJECT\OF\LIBS\OPENFRAMEWORKSCOMPILED\PROJECT\VS2010\OBJ\DEBUG\OFPOINT.OBJ
C:\LEV\DATAMININGVIZPROJECT\OF\LIBS\OPENFRAMEWORKSCOMPILED\PROJECT\VS2010\OBJ\DEBUG\OFPOLYLINE.OBJ
C:\LEV\DATAMININGVIZPROJECT\OF\LIBS\OPENFRAMEWORKSCOMPILED\PROJECT\VS2010\OBJ\DEBUG\OFQTUTILS.OBJ
C:\LEV\DATAMININGVIZPROJECT\OF\LIBS\OPENFRAMEWORKSCOMPILED\PROJECT\VS2010\OBJ\DEBUG\OFQUATERNION.OBJ
C:\LEV\DATAMININGVIZPROJECT\OF\LIBS\OPENFRAMEWORKSCOMPILED\PROJECT\VS2010\OBJ\DEBUG\OFQUICKTIMEGRABBER.OBJ
C:\LEV\DATAMININGVIZPROJECT\OF\LIBS\OPENFRAMEWORKSCOMPILED\PROJECT\VS2010\OBJ\DEBUG\OFQUICKTIMEPLAYER.OBJ
C:\LEV\DATAMININGVIZPROJECT\OF\LIBS\OPENFRAMEWORKSCOMPILED\PROJECT\VS2010\OBJ\DEBUG\OFRECTANGLE.OBJ
C:\LEV\DATAMININGVIZPROJECT\OF\LIBS\OPENFRAMEWORKSCOMPILED\PROJECT\VS2010\OBJ\DEBUG\OFRTAUDIOSOUNDSTREAM.OBJ
C:\LEV\DATAMININGVIZPROJECT\OF\LIBS\OPENFRAMEWORKSCOMPILED\PROJECT\VS2010\OBJ\DEBUG\OFSERIAL.OBJ
C:\LEV\DATAMININGVIZPROJECT\OF\LIBS\OPENFRAMEWORKSCOMPILED\PROJECT\VS2010\OBJ\DEBUG\OFSHADER.OBJ
C:\LEV\DATAMININGVIZPROJECT\OF\LIBS\OPENFRAMEWORKSCOMPILED\PROJECT\VS2010\OBJ\DEBUG\OFSOUNDPLAYER.OBJ
C:\LEV\DATAMININGVIZPROJECT\OF\LIBS\OPENFRAMEWORKSCOMPILED\PROJECT\VS2010\OBJ\DEBUG\OFSOUNDSTREAM.OBJ
C:\LEV\DATAMININGVIZPROJECT\OF\LIBS\OPENFRAMEWORKSCOMPILED\PROJECT\VS2010\OBJ\DEBUG\OFSYSTEMUTILS.OBJ
C:\LEV\DATAMININGVIZPROJECT\OF\LIBS\OPENFRAMEWORKSCOMPILED\PROJECT\VS2010\OBJ\DEBUG\OFTESSELLATOR.OBJ
C:\LEV\DATAMININGVIZPROJECT\OF\LIBS\OPENFRAMEWORKSCOMPILED\PROJECT\VS2010\OBJ\DEBUG\OFTEXTURE.OBJ
C:\LEV\DATAMININGVIZPROJECT\OF\LIBS\OPENFRAMEWORKSCOMPILED\PROJECT\VS2010\OBJ\DEBUG\OFTHREAD.OBJ
C:\LEV\DATAMININGVIZPROJECT\OF\LIBS\OPENFRAMEWORKSCOMPILED\PROJECT\VS2010\OBJ\DEBUG\OFTRUETYPEFONT.OBJ
C:\LEV\DATAMININGVIZPROJECT\OF\LIBS\OPENFRAMEWORKSCOMPILED\PROJECT\VS2010\OBJ\DEBUG\OFURLFILELOADER.OBJ
C:\LEV\DATAMININGVIZPROJECT\OF\LIBS\OPENFRAMEWORKSCOMPILED\PROJECT\VS2010\OBJ\DEBUG\OFUTILS.OBJ
C:\LEV\DATAMININGVIZPROJECT\OF\LIBS\OPENFRAMEWORKSCOMPILED\PROJECT\VS2010\OBJ\DEBUG\OFVBO.OBJ
C:\LEV\DATAMININGVIZPROJECT\OF\LIBS\OPENFRAMEWORKSCOMPILED\PROJECT\VS2010\OBJ\DEBUG\OFVBOMESH.OBJ
C:\LEV\DATAMININGVIZPROJECT\OF\LIBS\OPENFRAMEWORKSCOMPILED\PROJECT\VS2010\OBJ\DEBUG\OFVEC2F.OBJ
C:\LEV\DATAMININGVIZPROJECT\OF\LIBS\OPENFRAMEWORKSCOMPILED\PROJECT\VS2010\OBJ\DEBUG\OFVEC4F.OBJ
C:\LEV\DATAMININGVIZPROJECT\OF\LIBS\OPENFRAMEWORKSCOMPILED\PROJECT\VS2010\OBJ\DEBUG\OFVIDEOGRABBER.OBJ
C:\LEV\DATAMININGVIZPROJECT\OF\LIBS\OPENFRAMEWORKSCOMPILED\PROJECT\VS2010\OBJ\DEBUG\OFVIDEOPLAYER.OBJ
C:\lev\DataMiningVizProject\OF\libs\openFrameworksCompiled\project\vs2010\obj\Debug\openframeworksLib.write.1.tlog
C:\lev\DataMiningVizProject\OF\libs\openFrameworksCompiled\project\vs2010\obj\Debug\vc100.idb
C:\LEV\DATAMININGVIZPROJECT\OF\LIBS\OPENFRAMEWORKSCOMPILED\PROJECT\VS2010\OBJ\DEBUG\VC100.PDB
